<?xml version="1.0" encoding="UTF-8"?>
<!-- Generated by org.testng.reporters.JUnitReportReporter -->
<testsuite hostname="AWLIN-LT-12483" name="demoJenkins.DemoJenkinsJobs" tests="1" failures="0" timestamp="9 Jul 2020 13:39:37 GMT" time="26.623" errors="0">
  <testcase name="testJenkins" time="26.623" classname="demoJenkins.DemoJenkinsJobs"/>
</testsuite> <!-- demoJenkins.DemoJenkinsJobs -->
